../../bin/aeros eigen_spooles_pivot_0_geigenpa.inp

 --------- R U N  PARAMETERS ----------
 ... Modal Analysis                 ... 
 ... Spooles Solver is Selected     ... 
Selected Solver does not support numRBM() function
 ... Implicitly Restarted Arnoldi Method using Arpack
 ... Re-orthogonalization enabled (CGS -> ICGS)
 ... Number of Implicit Arnoldi update: 5
 ... Number of linear (re-)solve: 37
 ... Postprocessing                 ...
 --------------------------------------
 Mode	Omega^2		Frequency
 --------------------------------------
 1	3.073210e-05	8.822999e-04
 2	4.257925e-05	1.038530e-03
 3	1.118139e-03	5.321915e-03
 4	1.499051e-03	6.162093e-03
 5	2.405280e-03	7.805539e-03
 6	6.521472e-03	1.285266e-02
 7	7.909288e-03	1.415431e-02
 8	1.019214e-02	1.606766e-02
 9	2.174239e-02	2.346788e-02
 10	2.681326e-02	2.606123e-02
 11	3.315504e-02	2.897977e-02
 12	5.883143e-02	3.860334e-02
 --------------------------------------

 ---------- PROBLEM PARAMETERS --------
 ... # Nodes              =     189 ...
 ... # Elements           =      80 ...
 ... # Unconstrained dofs =     540 ...
 ... # Constrained dofs   =      27 ...
 ... Total # dofs         =     567 ...
 ... # Loaded dofs        =       9 ...
 ... # Output Files       =       1 ...
 --------------------------------------
 --------------------------------------
 ... Total Time           = 3.96e-01 s
 ... Total Memory Used    = 1.28e+00 Mb
 --------------------------------------
../../bin/aeros eigen_mumps_pivot_0.1_geigenpa.inp

 --------- R U N  PARAMETERS ----------
 ... Modal Analysis                 ... 
 ... Mumps Solver is Selected       ... 
 ... Implicitly Restarted Arnoldi Method using Arpack
 ... shift = 1.000000e-01
 ... Re-orthogonalization enabled (CGS -> ICGS)
 ... Number of Implicit Arnoldi update: 7
 ... Number of linear (re-)solve: 46
 ... Postprocessing                 ...
 --------------------------------------
 Mode	Omega^2		Frequency
 --------------------------------------
 1	2.681326e-02	2.606123e-02
 2	3.315504e-02	2.897977e-02
 3	5.883143e-02	3.860334e-02
 4	6.092526e-02	3.928428e-02
 5	6.428860e-02	4.035405e-02
 6	7.664610e-02	4.406210e-02
 7	1.209833e-01	5.535831e-02
 8	1.260373e-01	5.650275e-02
 9	1.456656e-01	6.074334e-02
 10	1.641728e-01	6.448679e-02
 11	2.034880e-01	7.179422e-02
 12	2.172291e-01	7.417869e-02
 --------------------------------------

 ---------- PROBLEM PARAMETERS --------
 ... # Nodes              =     189 ...
 ... # Elements           =      80 ...
 ... # Unconstrained dofs =     540 ...
 ... # Constrained dofs   =      27 ...
 ... Total # dofs         =     567 ...
 ... # Loaded dofs        =       9 ...
 ... # Output Files       =       1 ...
 --------------------------------------
 --------------------------------------
 ... Total Time           = 1.16e-01 s
 ... Total Memory Used    = 2.33e+00 Mb
 --------------------------------------
../../bin/aeros -n 2 --dec --nsub 4 eigen_FETI_DPH_1_geigenpa.inp

 --------- R U N  PARAMETERS ----------
 ... Modal Analysis                 ... 
 ... Parallel processing: Forking 2 Threads ...
 ... FETI-DP Solver is Selected     ...
 ... Implicitly Restarted Arnoldi Method using Arpack
 ... shift = 1.000000e+00
 ... Re-orthogonalization enabled (CGS -> ICGS)
 ... Number of Implicit Arnoldi update: 10
 ... Number of linear (re-)solve: 57
 ... Postprocessing                 ...
 --------------------------------------
 Mode	Omega^2		Frequency
 --------------------------------------
 1	7.132492e-01	1.344128e-01
 2	7.453712e-01	1.374062e-01
 3	8.087685e-01	1.431305e-01
 4	8.136955e-01	1.435658e-01
 5	8.740587e-01	1.487957e-01
 6	9.341015e-01	1.538215e-01
 7	9.613536e-01	1.560493e-01
 8	1.030940e+00	1.615983e-01
 9	1.044239e+00	1.626373e-01
 10	1.122994e+00	1.686587e-01
 11	1.146024e+00	1.703794e-01
 12	1.217571e+00	1.756173e-01
 --------------------------------------

 ---------- PROBLEM PARAMETERS --------
 ... # Nodes              =     189 ...
 ... # Elements           =      80 ...
 ... # Unconstrained dofs =       0 ...
 ... # Constrained dofs   =      27 ...
 ... Total # dofs         =      -1 ...
 ... # Loaded dofs        =       9 ...
 ... # Output Files       =       1 ...
 --------------------------------------
 --------------------------------------
 ... Total Time           = 1.29e+00 s
 ... Total Memory Used    = 1.64e+01 Mb
 --------------------------------------
../../bin/aeros eigen_spooles_pivot_10_geigenpa.inp

 --------- R U N  PARAMETERS ----------
 ... Modal Analysis                 ... 
 ... Spooles Solver is Selected     ... 
Selected Solver does not support numRBM() function
 ... Implicitly Restarted Arnoldi Method using Arpack
 ... shift = 1.000000e+01
 ... Re-orthogonalization enabled (CGS -> ICGS)
 ... Number of Implicit Arnoldi update: 14
 ... Number of linear (re-)solve: 75
 ... Postprocessing                 ...
 --------------------------------------
 Mode	Omega^2		Frequency
 --------------------------------------
 1	9.609854e+00	4.933766e-01
 2	9.612500e+00	4.934445e-01
 3	9.697395e+00	4.956187e-01
 4	9.740116e+00	4.967092e-01
 5	9.791898e+00	4.980278e-01
 6	9.844060e+00	4.993525e-01
 7	9.867959e+00	4.999583e-01
 8	1.000514e+01	5.034214e-01
 9	1.002759e+01	5.039859e-01
 10	1.011000e+01	5.060526e-01
 11	1.013111e+01	5.065808e-01
 12	1.020828e+01	5.085063e-01
 --------------------------------------

 ---------- PROBLEM PARAMETERS --------
 ... # Nodes              =     189 ...
 ... # Elements           =      80 ...
 ... # Unconstrained dofs =     540 ...
 ... # Constrained dofs   =      27 ...
 ... Total # dofs         =     567 ...
 ... # Loaded dofs        =       9 ...
 ... # Output Files       =       1 ...
 --------------------------------------
 --------------------------------------
 ... Total Time           = 1.29e-01 s
 ... Total Memory Used    = 1.28e+00 Mb
 --------------------------------------
