../../bin/aeros tempstatics_sparse_gtempera.inp

 --------- R U N  PARAMETERS ----------
 ... Linear Static Analysis         ... 
 ... Sparse Solver is Selected      ... 
 ... Building the Force             ...
 ... Postprocessing                 ...
 --------------------------------------

 ---------- PROBLEM PARAMETERS --------
 ... # Nodes              =     189 ...
 ... # Elements           =      80 ...
 ... # Unconstrained dofs =     180 ...
 ... # Constrained dofs   =       9 ...
 ... Total # dofs         =     189 ...
 ... # Loaded dofs        =       9 ...
 ... # Output Files       =       1 ...
 --------------------------------------
 --------------------------------------
 ... Total Time           = 7.35e-02 s
 ... Total Memory Used    = 1.84e-01 Mb
 --------------------------------------
../../bin/aeros tempstatics_skyline_gtempvel.inp

 --------- R U N  PARAMETERS ----------
 ... Linear Static Analysis         ... 
 ... Skyline Solver is Selected     ... 
 ... Building the Force             ...
 ... Postprocessing                 ...
 *** AS.WRN: output 0 is not supported 
 --------------------------------------

 ---------- PROBLEM PARAMETERS --------
 ... # Nodes              =     189 ...
 ... # Elements           =      80 ...
 ... # Unconstrained dofs =     180 ...
 ... # Constrained dofs   =       9 ...
 ... Total # dofs         =     189 ...
 ... # Loaded dofs        =       9 ...
 ... # Output Files       =       1 ...
 --------------------------------------
 --------------------------------------
 ... Total Time           = 6.04e-02 s
 ... Total Memory Used    = 1.42e-01 Mb
 --------------------------------------
../../bin/aeros tempstatics_spooles_heatflxy.inp

 --------- R U N  PARAMETERS ----------
 ... Linear Static Analysis         ... 
 ... Spooles Solver is Selected     ... 
 ... Building the Force             ...
 ... Postprocessing                 ...
 *** WARNING: Heat Fluxes not implemented for element type 51
 *** WARNING: Heat Fluxes not implemented for element type 51
 *** WARNING: Heat Fluxes not implemented for element type 51
 *** WARNING: Heat Fluxes not implemented for element type 51
 *** WARNING: Heat Fluxes not implemented for element type 51
 *** WARNING: Heat Fluxes not implemented for element type 51
 *** WARNING: Heat Fluxes not implemented for element type 51
 *** WARNING: Heat Fluxes not implemented for element type 51
 *** WARNING: Heat Fluxes not implemented for element type 51
 *** WARNING: Heat Fluxes not implemented for element type 51
 *** WARNING: Heat Fluxes not implemented for element type 51
 *** WARNING: Heat Fluxes not implemented for element type 51
 *** WARNING: Heat Fluxes not implemented for element type 51
 *** WARNING: Heat Fluxes not implemented for element type 51
 *** WARNING: Heat Fluxes not implemented for element type 51
 *** WARNING: Heat Fluxes not implemented for element type 51
 *** WARNING: Heat Fluxes not implemented for element type 51
 *** WARNING: Heat Fluxes not implemented for element type 51
 *** WARNING: Heat Fluxes not implemented for element type 51
 *** WARNING: Heat Fluxes not implemented for element type 51
 *** WARNING: Heat Fluxes not implemented for element type 51
 *** WARNING: Heat Fluxes not implemented for element type 51
 *** WARNING: Heat Fluxes not implemented for element type 51
 *** WARNING: Heat Fluxes not implemented for element type 51
 *** WARNING: Heat Fluxes not implemented for element type 51
 *** WARNING: Heat Fluxes not implemented for element type 51
 *** WARNING: Heat Fluxes not implemented for element type 51
 *** WARNING: Heat Fluxes not implemented for element type 51
 *** WARNING: Heat Fluxes not implemented for element type 51
 *** WARNING: Heat Fluxes not implemented for element type 51
 *** WARNING: Heat Fluxes not implemented for element type 51
 *** WARNING: Heat Fluxes not implemented for element type 51
 *** WARNING: Heat Fluxes not implemented for element type 51
 *** WARNING: Heat Fluxes not implemented for element type 51
 *** WARNING: Heat Fluxes not implemented for element type 51
 *** WARNING: Heat Fluxes not implemented for element type 51
 *** WARNING: Heat Fluxes not implemented for element type 51
 *** WARNING: Heat Fluxes not implemented for element type 51
 *** WARNING: Heat Fluxes not implemented for element type 51
 *** WARNING: Heat Fluxes not implemented for element type 51
 *** WARNING: Heat Fluxes not implemented for element type 51
 *** WARNING: Heat Fluxes not implemented for element type 51
 *** WARNING: Heat Fluxes not implemented for element type 51
 *** WARNING: Heat Fluxes not implemented for element type 51
 *** WARNING: Heat Fluxes not implemented for element type 51
 *** WARNING: Heat Fluxes not implemented for element type 51
 *** WARNING: Heat Fluxes not implemented for element type 51
 *** WARNING: Heat Fluxes not implemented for element type 51
 *** WARNING: Heat Fluxes not implemented for element type 51
 *** WARNING: Heat Fluxes not implemented for element type 51
 *** WARNING: Heat Fluxes not implemented for element type 51
 *** WARNING: Heat Fluxes not implemented for element type 51
 *** WARNING: Heat Fluxes not implemented for element type 51
 *** WARNING: Heat Fluxes not implemented for element type 51
 *** WARNING: Heat Fluxes not implemented for element type 51
 *** WARNING: Heat Fluxes not implemented for element type 51
 *** WARNING: Heat Fluxes not implemented for element type 51
 *** WARNING: Heat Fluxes not implemented for element type 51
 *** WARNING: Heat Fluxes not implemented for element type 51
 *** WARNING: Heat Fluxes not implemented for element type 51
 *** WARNING: Heat Fluxes not implemented for element type 51
 *** WARNING: Heat Fluxes not implemented for element type 51
 *** WARNING: Heat Fluxes not implemented for element type 51
 *** WARNING: Heat Fluxes not implemented for element type 51
 *** WARNING: Heat Fluxes not implemented for element type 51
 *** WARNING: Heat Fluxes not implemented for element type 51
 *** WARNING: Heat Fluxes not implemented for element type 51
 *** WARNING: Heat Fluxes not implemented for element type 51
 *** WARNING: Heat Fluxes not implemented for element type 51
 *** WARNING: Heat Fluxes not implemented for element type 51
 *** WARNING: Heat Fluxes not implemented for element type 51
 *** WARNING: Heat Fluxes not implemented for element type 51
 *** WARNING: Heat Fluxes not implemented for element type 51
 *** WARNING: Heat Fluxes not implemented for element type 51
 *** WARNING: Heat Fluxes not implemented for element type 51
 *** WARNING: Heat Fluxes not implemented for element type 51
 *** WARNING: Heat Fluxes not implemented for element type 51
 *** WARNING: Heat Fluxes not implemented for element type 51
 *** WARNING: Heat Fluxes not implemented for element type 51
 *** WARNING: Heat Fluxes not implemented for element type 51
 --------------------------------------

 ---------- PROBLEM PARAMETERS --------
 ... # Nodes              =     189 ...
 ... # Elements           =      80 ...
 ... # Unconstrained dofs =     180 ...
 ... # Constrained dofs   =       9 ...
 ... Total # dofs         =     189 ...
 ... # Loaded dofs        =       9 ...
 ... # Output Files       =       1 ...
 --------------------------------------
 --------------------------------------
 ... Total Time           = 6.61e-02 s
 ... Total Memory Used    = 1.54e-01 Mb
 --------------------------------------
../../bin/aeros tempstatics_gmres_heatflxz.inp

 --------- R U N  PARAMETERS ----------
 ... Linear Static Analysis         ... 
 ... Dof Based Sparse Matrix        ...
 ... GMRES Solver is Selected       ...
 ... Building the Force             ...
 ... Postprocessing                 ...
 *** WARNING: Heat Fluxes not implemented for element type 51
 *** WARNING: Heat Fluxes not implemented for element type 51
 *** WARNING: Heat Fluxes not implemented for element type 51
 *** WARNING: Heat Fluxes not implemented for element type 51
 *** WARNING: Heat Fluxes not implemented for element type 51
 *** WARNING: Heat Fluxes not implemented for element type 51
 *** WARNING: Heat Fluxes not implemented for element type 51
 *** WARNING: Heat Fluxes not implemented for element type 51
 *** WARNING: Heat Fluxes not implemented for element type 51
 *** WARNING: Heat Fluxes not implemented for element type 51
 *** WARNING: Heat Fluxes not implemented for element type 51
 *** WARNING: Heat Fluxes not implemented for element type 51
 *** WARNING: Heat Fluxes not implemented for element type 51
 *** WARNING: Heat Fluxes not implemented for element type 51
 *** WARNING: Heat Fluxes not implemented for element type 51
 *** WARNING: Heat Fluxes not implemented for element type 51
 *** WARNING: Heat Fluxes not implemented for element type 51
 *** WARNING: Heat Fluxes not implemented for element type 51
 *** WARNING: Heat Fluxes not implemented for element type 51
 *** WARNING: Heat Fluxes not implemented for element type 51
 *** WARNING: Heat Fluxes not implemented for element type 51
 *** WARNING: Heat Fluxes not implemented for element type 51
 *** WARNING: Heat Fluxes not implemented for element type 51
 *** WARNING: Heat Fluxes not implemented for element type 51
 *** WARNING: Heat Fluxes not implemented for element type 51
 *** WARNING: Heat Fluxes not implemented for element type 51
 *** WARNING: Heat Fluxes not implemented for element type 51
 *** WARNING: Heat Fluxes not implemented for element type 51
 *** WARNING: Heat Fluxes not implemented for element type 51
 *** WARNING: Heat Fluxes not implemented for element type 51
 *** WARNING: Heat Fluxes not implemented for element type 51
 *** WARNING: Heat Fluxes not implemented for element type 51
 *** WARNING: Heat Fluxes not implemented for element type 51
 *** WARNING: Heat Fluxes not implemented for element type 51
 *** WARNING: Heat Fluxes not implemented for element type 51
 *** WARNING: Heat Fluxes not implemented for element type 51
 *** WARNING: Heat Fluxes not implemented for element type 51
 *** WARNING: Heat Fluxes not implemented for element type 51
 *** WARNING: Heat Fluxes not implemented for element type 51
 *** WARNING: Heat Fluxes not implemented for element type 51
 *** WARNING: Heat Fluxes not implemented for element type 51
 *** WARNING: Heat Fluxes not implemented for element type 51
 *** WARNING: Heat Fluxes not implemented for element type 51
 *** WARNING: Heat Fluxes not implemented for element type 51
 *** WARNING: Heat Fluxes not implemented for element type 51
 *** WARNING: Heat Fluxes not implemented for element type 51
 *** WARNING: Heat Fluxes not implemented for element type 51
 *** WARNING: Heat Fluxes not implemented for element type 51
 *** WARNING: Heat Fluxes not implemented for element type 51
 *** WARNING: Heat Fluxes not implemented for element type 51
 *** WARNING: Heat Fluxes not implemented for element type 51
 *** WARNING: Heat Fluxes not implemented for element type 51
 *** WARNING: Heat Fluxes not implemented for element type 51
 *** WARNING: Heat Fluxes not implemented for element type 51
 *** WARNING: Heat Fluxes not implemented for element type 51
 *** WARNING: Heat Fluxes not implemented for element type 51
 *** WARNING: Heat Fluxes not implemented for element type 51
 *** WARNING: Heat Fluxes not implemented for element type 51
 *** WARNING: Heat Fluxes not implemented for element type 51
 *** WARNING: Heat Fluxes not implemented for element type 51
 *** WARNING: Heat Fluxes not implemented for element type 51
 *** WARNING: Heat Fluxes not implemented for element type 51
 *** WARNING: Heat Fluxes not implemented for element type 51
 *** WARNING: Heat Fluxes not implemented for element type 51
 *** WARNING: Heat Fluxes not implemented for element type 51
 *** WARNING: Heat Fluxes not implemented for element type 51
 *** WARNING: Heat Fluxes not implemented for element type 51
 *** WARNING: Heat Fluxes not implemented for element type 51
 *** WARNING: Heat Fluxes not implemented for element type 51
 *** WARNING: Heat Fluxes not implemented for element type 51
 *** WARNING: Heat Fluxes not implemented for element type 51
 *** WARNING: Heat Fluxes not implemented for element type 51
 *** WARNING: Heat Fluxes not implemented for element type 51
 *** WARNING: Heat Fluxes not implemented for element type 51
 *** WARNING: Heat Fluxes not implemented for element type 51
 *** WARNING: Heat Fluxes not implemented for element type 51
 *** WARNING: Heat Fluxes not implemented for element type 51
 *** WARNING: Heat Fluxes not implemented for element type 51
 *** WARNING: Heat Fluxes not implemented for element type 51
 *** WARNING: Heat Fluxes not implemented for element type 51
 --------------------------------------

 ---------- PROBLEM PARAMETERS --------
 ... # Nodes              =     189 ...
 ... # Elements           =      80 ...
 ... # Unconstrained dofs =     180 ...
 ... # Constrained dofs   =       9 ...
 ... Total # dofs         =     189 ...
 ... # Loaded dofs        =       9 ...
 ... # Output Files       =       1 ...
 --------------------------------------
 --------------------------------------
 ... Total Time           = 2.90e+00 s
 ... Total Memory Used    = 1.11e+01 Mb
 --------------------------------------
../../bin/aeros tempstatics_direct_grdtempx.inp

 --------- R U N  PARAMETERS ----------
 ... Linear Static Analysis         ... 
 ... Skyline Solver is Selected     ... 
 ... Building the Force             ...
 ... Postprocessing                 ...
 *** WARNING: Heat Fluxes not implemented for element type 51
 *** WARNING: Heat Fluxes not implemented for element type 51
 *** WARNING: Heat Fluxes not implemented for element type 51
 *** WARNING: Heat Fluxes not implemented for element type 51
 *** WARNING: Heat Fluxes not implemented for element type 51
 *** WARNING: Heat Fluxes not implemented for element type 51
 *** WARNING: Heat Fluxes not implemented for element type 51
 *** WARNING: Heat Fluxes not implemented for element type 51
 *** WARNING: Heat Fluxes not implemented for element type 51
 *** WARNING: Heat Fluxes not implemented for element type 51
 *** WARNING: Heat Fluxes not implemented for element type 51
 *** WARNING: Heat Fluxes not implemented for element type 51
 *** WARNING: Heat Fluxes not implemented for element type 51
 *** WARNING: Heat Fluxes not implemented for element type 51
 *** WARNING: Heat Fluxes not implemented for element type 51
 *** WARNING: Heat Fluxes not implemented for element type 51
 *** WARNING: Heat Fluxes not implemented for element type 51
 *** WARNING: Heat Fluxes not implemented for element type 51
 *** WARNING: Heat Fluxes not implemented for element type 51
 *** WARNING: Heat Fluxes not implemented for element type 51
 *** WARNING: Heat Fluxes not implemented for element type 51
 *** WARNING: Heat Fluxes not implemented for element type 51
 *** WARNING: Heat Fluxes not implemented for element type 51
 *** WARNING: Heat Fluxes not implemented for element type 51
 *** WARNING: Heat Fluxes not implemented for element type 51
 *** WARNING: Heat Fluxes not implemented for element type 51
 *** WARNING: Heat Fluxes not implemented for element type 51
 *** WARNING: Heat Fluxes not implemented for element type 51
 *** WARNING: Heat Fluxes not implemented for element type 51
 *** WARNING: Heat Fluxes not implemented for element type 51
 *** WARNING: Heat Fluxes not implemented for element type 51
 *** WARNING: Heat Fluxes not implemented for element type 51
 *** WARNING: Heat Fluxes not implemented for element type 51
 *** WARNING: Heat Fluxes not implemented for element type 51
 *** WARNING: Heat Fluxes not implemented for element type 51
 *** WARNING: Heat Fluxes not implemented for element type 51
 *** WARNING: Heat Fluxes not implemented for element type 51
 *** WARNING: Heat Fluxes not implemented for element type 51
 *** WARNING: Heat Fluxes not implemented for element type 51
 *** WARNING: Heat Fluxes not implemented for element type 51
 *** WARNING: Heat Fluxes not implemented for element type 51
 *** WARNING: Heat Fluxes not implemented for element type 51
 *** WARNING: Heat Fluxes not implemented for element type 51
 *** WARNING: Heat Fluxes not implemented for element type 51
 *** WARNING: Heat Fluxes not implemented for element type 51
 *** WARNING: Heat Fluxes not implemented for element type 51
 *** WARNING: Heat Fluxes not implemented for element type 51
 *** WARNING: Heat Fluxes not implemented for element type 51
 *** WARNING: Heat Fluxes not implemented for element type 51
 *** WARNING: Heat Fluxes not implemented for element type 51
 *** WARNING: Heat Fluxes not implemented for element type 51
 *** WARNING: Heat Fluxes not implemented for element type 51
 *** WARNING: Heat Fluxes not implemented for element type 51
 *** WARNING: Heat Fluxes not implemented for element type 51
 *** WARNING: Heat Fluxes not implemented for element type 51
 *** WARNING: Heat Fluxes not implemented for element type 51
 *** WARNING: Heat Fluxes not implemented for element type 51
 *** WARNING: Heat Fluxes not implemented for element type 51
 *** WARNING: Heat Fluxes not implemented for element type 51
 *** WARNING: Heat Fluxes not implemented for element type 51
 *** WARNING: Heat Fluxes not implemented for element type 51
 *** WARNING: Heat Fluxes not implemented for element type 51
 *** WARNING: Heat Fluxes not implemented for element type 51
 *** WARNING: Heat Fluxes not implemented for element type 51
 *** WARNING: Heat Fluxes not implemented for element type 51
 *** WARNING: Heat Fluxes not implemented for element type 51
 *** WARNING: Heat Fluxes not implemented for element type 51
 *** WARNING: Heat Fluxes not implemented for element type 51
 *** WARNING: Heat Fluxes not implemented for element type 51
 *** WARNING: Heat Fluxes not implemented for element type 51
 *** WARNING: Heat Fluxes not implemented for element type 51
 *** WARNING: Heat Fluxes not implemented for element type 51
 *** WARNING: Heat Fluxes not implemented for element type 51
 *** WARNING: Heat Fluxes not implemented for element type 51
 *** WARNING: Heat Fluxes not implemented for element type 51
 *** WARNING: Heat Fluxes not implemented for element type 51
 *** WARNING: Heat Fluxes not implemented for element type 51
 *** WARNING: Heat Fluxes not implemented for element type 51
 *** WARNING: Heat Fluxes not implemented for element type 51
 *** WARNING: Heat Fluxes not implemented for element type 51
 --------------------------------------

 ---------- PROBLEM PARAMETERS --------
 ... # Nodes              =     189 ...
 ... # Elements           =      80 ...
 ... # Unconstrained dofs =     180 ...
 ... # Constrained dofs   =       9 ...
 ... Total # dofs         =     189 ...
 ... # Loaded dofs        =       9 ...
 ... # Output Files       =       1 ...
 --------------------------------------
 --------------------------------------
 ... Total Time           = 6.16e-02 s
 ... Total Memory Used    = 1.43e-01 Mb
 --------------------------------------
../../bin/aeros tempstatics_spooles_pivot_grdtempy.inp

 --------- R U N  PARAMETERS ----------
 ... Linear Static Analysis         ... 
 ... Spooles Solver is Selected     ... 
 ... Building the Force             ...
 ... Postprocessing                 ...
 *** WARNING: Heat Fluxes not implemented for element type 51
 *** WARNING: Heat Fluxes not implemented for element type 51
 *** WARNING: Heat Fluxes not implemented for element type 51
 *** WARNING: Heat Fluxes not implemented for element type 51
 *** WARNING: Heat Fluxes not implemented for element type 51
 *** WARNING: Heat Fluxes not implemented for element type 51
 *** WARNING: Heat Fluxes not implemented for element type 51
 *** WARNING: Heat Fluxes not implemented for element type 51
 *** WARNING: Heat Fluxes not implemented for element type 51
 *** WARNING: Heat Fluxes not implemented for element type 51
 *** WARNING: Heat Fluxes not implemented for element type 51
 *** WARNING: Heat Fluxes not implemented for element type 51
 *** WARNING: Heat Fluxes not implemented for element type 51
 *** WARNING: Heat Fluxes not implemented for element type 51
 *** WARNING: Heat Fluxes not implemented for element type 51
 *** WARNING: Heat Fluxes not implemented for element type 51
 *** WARNING: Heat Fluxes not implemented for element type 51
 *** WARNING: Heat Fluxes not implemented for element type 51
 *** WARNING: Heat Fluxes not implemented for element type 51
 *** WARNING: Heat Fluxes not implemented for element type 51
 *** WARNING: Heat Fluxes not implemented for element type 51
 *** WARNING: Heat Fluxes not implemented for element type 51
 *** WARNING: Heat Fluxes not implemented for element type 51
 *** WARNING: Heat Fluxes not implemented for element type 51
 *** WARNING: Heat Fluxes not implemented for element type 51
 *** WARNING: Heat Fluxes not implemented for element type 51
 *** WARNING: Heat Fluxes not implemented for element type 51
 *** WARNING: Heat Fluxes not implemented for element type 51
 *** WARNING: Heat Fluxes not implemented for element type 51
 *** WARNING: Heat Fluxes not implemented for element type 51
 *** WARNING: Heat Fluxes not implemented for element type 51
 *** WARNING: Heat Fluxes not implemented for element type 51
 *** WARNING: Heat Fluxes not implemented for element type 51
 *** WARNING: Heat Fluxes not implemented for element type 51
 *** WARNING: Heat Fluxes not implemented for element type 51
 *** WARNING: Heat Fluxes not implemented for element type 51
 *** WARNING: Heat Fluxes not implemented for element type 51
 *** WARNING: Heat Fluxes not implemented for element type 51
 *** WARNING: Heat Fluxes not implemented for element type 51
 *** WARNING: Heat Fluxes not implemented for element type 51
 *** WARNING: Heat Fluxes not implemented for element type 51
 *** WARNING: Heat Fluxes not implemented for element type 51
 *** WARNING: Heat Fluxes not implemented for element type 51
 *** WARNING: Heat Fluxes not implemented for element type 51
 *** WARNING: Heat Fluxes not implemented for element type 51
 *** WARNING: Heat Fluxes not implemented for element type 51
 *** WARNING: Heat Fluxes not implemented for element type 51
 *** WARNING: Heat Fluxes not implemented for element type 51
 *** WARNING: Heat Fluxes not implemented for element type 51
 *** WARNING: Heat Fluxes not implemented for element type 51
 *** WARNING: Heat Fluxes not implemented for element type 51
 *** WARNING: Heat Fluxes not implemented for element type 51
 *** WARNING: Heat Fluxes not implemented for element type 51
 *** WARNING: Heat Fluxes not implemented for element type 51
 *** WARNING: Heat Fluxes not implemented for element type 51
 *** WARNING: Heat Fluxes not implemented for element type 51
 *** WARNING: Heat Fluxes not implemented for element type 51
 *** WARNING: Heat Fluxes not implemented for element type 51
 *** WARNING: Heat Fluxes not implemented for element type 51
 *** WARNING: Heat Fluxes not implemented for element type 51
 *** WARNING: Heat Fluxes not implemented for element type 51
 *** WARNING: Heat Fluxes not implemented for element type 51
 *** WARNING: Heat Fluxes not implemented for element type 51
 *** WARNING: Heat Fluxes not implemented for element type 51
 *** WARNING: Heat Fluxes not implemented for element type 51
 *** WARNING: Heat Fluxes not implemented for element type 51
 *** WARNING: Heat Fluxes not implemented for element type 51
 *** WARNING: Heat Fluxes not implemented for element type 51
 *** WARNING: Heat Fluxes not implemented for element type 51
 *** WARNING: Heat Fluxes not implemented for element type 51
 *** WARNING: Heat Fluxes not implemented for element type 51
 *** WARNING: Heat Fluxes not implemented for element type 51
 *** WARNING: Heat Fluxes not implemented for element type 51
 *** WARNING: Heat Fluxes not implemented for element type 51
 *** WARNING: Heat Fluxes not implemented for element type 51
 *** WARNING: Heat Fluxes not implemented for element type 51
 *** WARNING: Heat Fluxes not implemented for element type 51
 *** WARNING: Heat Fluxes not implemented for element type 51
 *** WARNING: Heat Fluxes not implemented for element type 51
 *** WARNING: Heat Fluxes not implemented for element type 51
 --------------------------------------

 ---------- PROBLEM PARAMETERS --------
 ... # Nodes              =     189 ...
 ... # Elements           =      80 ...
 ... # Unconstrained dofs =     180 ...
 ... # Constrained dofs   =       9 ...
 ... Total # dofs         =     189 ...
 ... # Loaded dofs        =       9 ...
 ... # Output Files       =       1 ...
 --------------------------------------
 --------------------------------------
 ... Total Time           = 6.85e-02 s
 ... Total Memory Used    = 1.53e-01 Mb
 --------------------------------------
../../bin/aeros tempstatics_pcg_gtempera.inp

 --------- R U N  PARAMETERS ----------
 ... Linear Static Analysis         ... 
 ... Dof Based Sparse Matrix        ...
 ... CG Solver is Selected          ...
 ... Building the Force             ...
in BasePCG::doSolve, maxitr = 1000, tolpcg = 1e-08, proj = 0
 ... Postprocessing                 ...
 --------------------------------------

 ---------- PROBLEM PARAMETERS --------
 ... # Nodes              =     189 ...
 ... # Elements           =      80 ...
 ... # Unconstrained dofs =     180 ...
 ... # Constrained dofs   =       9 ...
 ... Total # dofs         =     189 ...
 ... # Loaded dofs        =       9 ...
 ... # Output Files       =       1 ...
 --------------------------------------
 --------------------------------------
 ... Total Time           = 6.19e-02 s
 ... Total Memory Used    = 1.38e-01 Mb
 --------------------------------------
../../bin/aeros tempstatics_bcg_gtempvel.inp

 --------- R U N  PARAMETERS ----------
 ... Linear Static Analysis         ... 
 ... Dof Based Sparse Matrix        ...
 ... Bi-CG Solver is Selected       ...
Selected Solver does not implement factor() .
 ... Building the Force             ...
 ... Postprocessing                 ...
 *** AS.WRN: output 0 is not supported 
 --------------------------------------

 ---------- PROBLEM PARAMETERS --------
 ... # Nodes              =     189 ...
 ... # Elements           =      80 ...
 ... # Unconstrained dofs =     180 ...
 ... # Constrained dofs   =       9 ...
 ... Total # dofs         =     189 ...
 ... # Loaded dofs        =       9 ...
 ... # Output Files       =       1 ...
 --------------------------------------
 --------------------------------------
 ... Total Time           = 6.22e-02 s
 ... Total Memory Used    = 1.39e-01 Mb
 --------------------------------------
../../bin/aeros tempstatics_cr_heatflxx.inp

 --------- R U N  PARAMETERS ----------
 ... Linear Static Analysis         ... 
 ... Dof Based Sparse Matrix        ...
 ... CR Solver is Selected          ...
Selected Solver does not implement factor() .
 ... Building the Force             ...
 ... Postprocessing                 ...
 *** WARNING: Heat Fluxes not implemented for element type 51
 *** WARNING: Heat Fluxes not implemented for element type 51
 *** WARNING: Heat Fluxes not implemented for element type 51
 *** WARNING: Heat Fluxes not implemented for element type 51
 *** WARNING: Heat Fluxes not implemented for element type 51
 *** WARNING: Heat Fluxes not implemented for element type 51
 *** WARNING: Heat Fluxes not implemented for element type 51
 *** WARNING: Heat Fluxes not implemented for element type 51
 *** WARNING: Heat Fluxes not implemented for element type 51
 *** WARNING: Heat Fluxes not implemented for element type 51
 *** WARNING: Heat Fluxes not implemented for element type 51
 *** WARNING: Heat Fluxes not implemented for element type 51
 *** WARNING: Heat Fluxes not implemented for element type 51
 *** WARNING: Heat Fluxes not implemented for element type 51
 *** WARNING: Heat Fluxes not implemented for element type 51
 *** WARNING: Heat Fluxes not implemented for element type 51
 *** WARNING: Heat Fluxes not implemented for element type 51
 *** WARNING: Heat Fluxes not implemented for element type 51
 *** WARNING: Heat Fluxes not implemented for element type 51
 *** WARNING: Heat Fluxes not implemented for element type 51
 *** WARNING: Heat Fluxes not implemented for element type 51
 *** WARNING: Heat Fluxes not implemented for element type 51
 *** WARNING: Heat Fluxes not implemented for element type 51
 *** WARNING: Heat Fluxes not implemented for element type 51
 *** WARNING: Heat Fluxes not implemented for element type 51
 *** WARNING: Heat Fluxes not implemented for element type 51
 *** WARNING: Heat Fluxes not implemented for element type 51
 *** WARNING: Heat Fluxes not implemented for element type 51
 *** WARNING: Heat Fluxes not implemented for element type 51
 *** WARNING: Heat Fluxes not implemented for element type 51
 *** WARNING: Heat Fluxes not implemented for element type 51
 *** WARNING: Heat Fluxes not implemented for element type 51
 *** WARNING: Heat Fluxes not implemented for element type 51
 *** WARNING: Heat Fluxes not implemented for element type 51
 *** WARNING: Heat Fluxes not implemented for element type 51
 *** WARNING: Heat Fluxes not implemented for element type 51
 *** WARNING: Heat Fluxes not implemented for element type 51
 *** WARNING: Heat Fluxes not implemented for element type 51
 *** WARNING: Heat Fluxes not implemented for element type 51
 *** WARNING: Heat Fluxes not implemented for element type 51
 *** WARNING: Heat Fluxes not implemented for element type 51
 *** WARNING: Heat Fluxes not implemented for element type 51
 *** WARNING: Heat Fluxes not implemented for element type 51
 *** WARNING: Heat Fluxes not implemented for element type 51
 *** WARNING: Heat Fluxes not implemented for element type 51
 *** WARNING: Heat Fluxes not implemented for element type 51
 *** WARNING: Heat Fluxes not implemented for element type 51
 *** WARNING: Heat Fluxes not implemented for element type 51
 *** WARNING: Heat Fluxes not implemented for element type 51
 *** WARNING: Heat Fluxes not implemented for element type 51
 *** WARNING: Heat Fluxes not implemented for element type 51
 *** WARNING: Heat Fluxes not implemented for element type 51
 *** WARNING: Heat Fluxes not implemented for element type 51
 *** WARNING: Heat Fluxes not implemented for element type 51
 *** WARNING: Heat Fluxes not implemented for element type 51
 *** WARNING: Heat Fluxes not implemented for element type 51
 *** WARNING: Heat Fluxes not implemented for element type 51
 *** WARNING: Heat Fluxes not implemented for element type 51
 *** WARNING: Heat Fluxes not implemented for element type 51
 *** WARNING: Heat Fluxes not implemented for element type 51
 *** WARNING: Heat Fluxes not implemented for element type 51
 *** WARNING: Heat Fluxes not implemented for element type 51
 *** WARNING: Heat Fluxes not implemented for element type 51
 *** WARNING: Heat Fluxes not implemented for element type 51
 *** WARNING: Heat Fluxes not implemented for element type 51
 *** WARNING: Heat Fluxes not implemented for element type 51
 *** WARNING: Heat Fluxes not implemented for element type 51
 *** WARNING: Heat Fluxes not implemented for element type 51
 *** WARNING: Heat Fluxes not implemented for element type 51
 *** WARNING: Heat Fluxes not implemented for element type 51
 *** WARNING: Heat Fluxes not implemented for element type 51
 *** WARNING: Heat Fluxes not implemented for element type 51
 *** WARNING: Heat Fluxes not implemented for element type 51
 *** WARNING: Heat Fluxes not implemented for element type 51
 *** WARNING: Heat Fluxes not implemented for element type 51
 *** WARNING: Heat Fluxes not implemented for element type 51
 *** WARNING: Heat Fluxes not implemented for element type 51
 *** WARNING: Heat Fluxes not implemented for element type 51
 *** WARNING: Heat Fluxes not implemented for element type 51
 *** WARNING: Heat Fluxes not implemented for element type 51
 --------------------------------------

 ---------- PROBLEM PARAMETERS --------
 ... # Nodes              =     189 ...
 ... # Elements           =      80 ...
 ... # Unconstrained dofs =     180 ...
 ... # Constrained dofs   =       9 ...
 ... Total # dofs         =     189 ...
 ... # Loaded dofs        =       9 ...
 ... # Output Files       =       1 ...
 --------------------------------------
 --------------------------------------
 ... Total Time           = 6.18e-02 s
 ... Total Memory Used    = 1.33e-01 Mb
 --------------------------------------
../../bin/aeros -n 2 --dec --nsub 4 tempstatics_FETI_heatflxy.inp

 --------- R U N  PARAMETERS ----------
 ... Linear Static Analysis         ... 
 ... Parallel processing: Forking 2 Threads ...
 Negative Jacobian determinant
 Negative Jacobian determinant
 ... FETI-DP Solver is Selected     ...
 ... Factor Subdomain Matrices      ... 
 ... Building the Force             ...
 ... Postprocessing                 ...
 *** WARNING: Output case 0 not implemented 
 ... Print Timers                   ... 
 --------------------------------------

 ---------- PROBLEM PARAMETERS --------
 ... # Nodes              =     189 ...
 ... # Elements           =      80 ...
 ... # Unconstrained dofs =       0 ...
 ... # Constrained dofs   =       9 ...
 ... Total # dofs         =      -1 ...
 ... # Loaded dofs        =       9 ...
 ... # Output Files       =       1 ...
 --------------------------------------
 --------------------------------------
 ... Total Time           = 6.64e-02 s
 ... Total Memory Used    = 4.95e-01 Mb
 --------------------------------------
../../bin/aeros -n 2 --dec --nsub 4 tempstatics_FETI_DP_heatflxz.inp

 --------- R U N  PARAMETERS ----------
 ... Linear Static Analysis         ... 
 ... Parallel processing: Forking 2 Threads ...
 Negative Jacobian determinant
 Negative Jacobian determinant
 Negative Jacobian determinant
 Negative Jacobian determinant
 ... FETI-DP Solver is Selected     ...
 ... Building the Force             ...
 ... Postprocessing                 ...
 *** WARNING: Output case 0 not implemented 
 ... Print Timers                   ... 
 --------------------------------------

 ---------- PROBLEM PARAMETERS --------
 ... # Nodes              =     189 ...
 ... # Elements           =      80 ...
 ... # Unconstrained dofs =       0 ...
 ... # Constrained dofs   =       9 ...
 ... Total # dofs         =      -1 ...
 ... # Loaded dofs        =       9 ...
 ... # Output Files       =       1 ...
 --------------------------------------
 --------------------------------------
 ... Total Time           = 1.00e-01 s
 ... Total Memory Used    = 4.99e-01 Mb
 --------------------------------------
../../bin/aeros -n 2 --dec --nsub 4 tempstatics_FETI_DPH_grdtempx.inp

 --------- R U N  PARAMETERS ----------
 ... Linear Static Analysis         ... 
 ... Parallel processing: Forking 2 Threads ...
 Negative Jacobian determinant
 Negative Jacobian determinant
 ... FETI-DP Solver is Selected     ...
 ... Building the Force             ...
 ... Postprocessing                 ...
 *** WARNING: Output case 0 not implemented 
 ... Print Timers                   ... 
 --------------------------------------

 ---------- PROBLEM PARAMETERS --------
 ... # Nodes              =     189 ...
 ... # Elements           =      80 ...
 ... # Unconstrained dofs =       0 ...
 ... # Constrained dofs   =       9 ...
 ... Total # dofs         =      -1 ...
 ... # Loaded dofs        =       9 ...
 ... # Output Files       =       1 ...
 --------------------------------------
 --------------------------------------
 ... Total Time           = 6.72e-02 s
 ... Total Memory Used    = 4.99e-01 Mb
 --------------------------------------
