../../bin/aeros statics_sparse_gdisplac.inp

 --------- R U N  PARAMETERS ----------
 ... Linear Static Analysis         ... 
 ... Sparse Solver is Selected      ... 
 ... Building the Force             ...
 ... Postprocessing                 ...
 --------------------------------------

 ---------- PROBLEM PARAMETERS --------
 ... # Nodes              =     189 ...
 ... # Elements           =      80 ...
 ... # Unconstrained dofs =     540 ...
 ... # Constrained dofs   =      27 ...
 ... Total # dofs         =     567 ...
 ... # Loaded dofs        =       9 ...
 ... # Output Files       =       1 ...
 --------------------------------------
 --------------------------------------
 ... Total Time           = 6.93e-01 s
 ... Total Memory Used    = 8.64e-01 Mb
 --------------------------------------
../../bin/aeros statics_skyline_stressvm.inp

 --------- R U N  PARAMETERS ----------
 ... Linear Static Analysis         ... 
 ... Skyline Solver is Selected     ... 
 ... Building the Force             ...
 ... Postprocessing                 ...
 --------------------------------------

 ---------- PROBLEM PARAMETERS --------
 ... # Nodes              =     189 ...
 ... # Elements           =      80 ...
 ... # Unconstrained dofs =     540 ...
 ... # Constrained dofs   =      27 ...
 ... Total # dofs         =     567 ...
 ... # Loaded dofs        =       9 ...
 ... # Output Files       =       1 ...
 --------------------------------------
 --------------------------------------
 ... Total Time           = 6.70e-02 s
 ... Total Memory Used    = 4.18e-01 Mb
 --------------------------------------
../../bin/aeros statics_spooles_strainxy.inp

 --------- R U N  PARAMETERS ----------
 ... Linear Static Analysis         ... 
 ... Spooles Solver is Selected     ... 
 ... Building the Force             ...
 ... Postprocessing                 ...
 --------------------------------------

 ---------- PROBLEM PARAMETERS --------
 ... # Nodes              =     189 ...
 ... # Elements           =      80 ...
 ... # Unconstrained dofs =     540 ...
 ... # Constrained dofs   =      27 ...
 ... Total # dofs         =     567 ...
 ... # Loaded dofs        =       9 ...
 ... # Output Files       =       1 ...
 --------------------------------------
 --------------------------------------
 ... Total Time           = 9.81e-02 s
 ... Total Memory Used    = 5.78e-01 Mb
 --------------------------------------
../../bin/aeros statics_gmres_strainxz.inp

 --------- R U N  PARAMETERS ----------
 ... Linear Static Analysis         ... 
 ... Dof Based Sparse Matrix        ...
 ... GMRES Solver is Selected       ...
 ... Building the Force             ...
 ... Postprocessing                 ...
 --------------------------------------

 ---------- PROBLEM PARAMETERS --------
 ... # Nodes              =     189 ...
 ... # Elements           =      80 ...
 ... # Unconstrained dofs =     540 ...
 ... # Constrained dofs   =      27 ...
 ... Total # dofs         =     567 ...
 ... # Loaded dofs        =       9 ...
 ... # Output Files       =       1 ...
 --------------------------------------
 --------------------------------------
 ... Total Time           = 1.14e-01 s
 ... Total Memory Used    = 1.26e+01 Mb
 --------------------------------------
../../bin/aeros statics_direct_strainxx.inp

 --------- R U N  PARAMETERS ----------
 ... Linear Static Analysis         ... 
 ... Skyline Solver is Selected     ... 
 ... Building the Force             ...
 ... Postprocessing                 ...
 --------------------------------------

 ---------- PROBLEM PARAMETERS --------
 ... # Nodes              =     189 ...
 ... # Elements           =      80 ...
 ... # Unconstrained dofs =     540 ...
 ... # Constrained dofs   =      27 ...
 ... Total # dofs         =     567 ...
 ... # Loaded dofs        =       9 ...
 ... # Output Files       =       1 ...
 --------------------------------------
 --------------------------------------
 ... Total Time           = 6.69e-02 s
 ... Total Memory Used    = 4.18e-01 Mb
 --------------------------------------
../../bin/aeros statics_spooles_pivot_strainxy.inp

 --------- R U N  PARAMETERS ----------
 ... Linear Static Analysis         ... 
 ... Spooles Solver is Selected     ... 
 ... Building the Force             ...
 ... Postprocessing                 ...
 --------------------------------------

 ---------- PROBLEM PARAMETERS --------
 ... # Nodes              =     189 ...
 ... # Elements           =      80 ...
 ... # Unconstrained dofs =     540 ...
 ... # Constrained dofs   =      27 ...
 ... Total # dofs         =     567 ...
 ... # Loaded dofs        =       9 ...
 ... # Output Files       =       1 ...
 --------------------------------------
 --------------------------------------
 ... Total Time           = 8.20e-02 s
 ... Total Memory Used    = 5.74e-01 Mb
 --------------------------------------
../../bin/aeros statics_pcg_strainxx.inp

 --------- R U N  PARAMETERS ----------
 ... Linear Static Analysis         ... 
 ... Dof Based Sparse Matrix        ...
 ... CG Solver is Selected          ...
 ... Building the Force             ...
in BasePCG::doSolve, maxitr = 1000, tolpcg = 1e-08, proj = 0
 ... Iteration #  1	 Two norm = 389.673	 Rel. residual = 1.03913
 ... Iteration #  2	 Two norm = 378.803	 Rel. residual = 1.01014
 ... Iteration #  3	 Two norm = 406.995	 Rel. residual = 1.08532
 ... Iteration #  4	 Two norm = 409.868	 Rel. residual = 1.09298
 ... Iteration #  5	 Two norm = 361.207	 Rel. residual = 0.96322
 ... Iteration #  6	 Two norm = 434.987	 Rel. residual = 1.15997
 ... Iteration #  7	 Two norm = 372.958	 Rel. residual = 0.994555
 ... Iteration #  8	 Two norm = 417.676	 Rel. residual = 1.1138
 ... Iteration #  9	 Two norm = 363.065	 Rel. residual = 0.968174
 ... Iteration #  10	 Two norm = 413.456	 Rel. residual = 1.10255
 ... Iteration #  11	 Two norm = 376.283	 Rel. residual = 1.00342
 ... Iteration #  12	 Two norm = 378.901	 Rel. residual = 1.0104
 ... Iteration #  13	 Two norm = 447.957	 Rel. residual = 1.19455
 ... Iteration #  14	 Two norm = 356.929	 Rel. residual = 0.95181
 ... Iteration #  15	 Two norm = 418.55	 Rel. residual = 1.11613
 ... Iteration #  16	 Two norm = 377.963	 Rel. residual = 1.0079
 ... Iteration #  17	 Two norm = 415.399	 Rel. residual = 1.10773
 ... Iteration #  18	 Two norm = 346.426	 Rel. residual = 0.923802
 ... Iteration #  19	 Two norm = 409.717	 Rel. residual = 1.09258
 ... Iteration #  20	 Two norm = 443.68	 Rel. residual = 1.18315
 ... Iteration #  21	 Two norm = 347.529	 Rel. residual = 0.926745
 ... Iteration #  22	 Two norm = 402.454	 Rel. residual = 1.07321
 ... Iteration #  23	 Two norm = 382.407	 Rel. residual = 1.01975
 ... Iteration #  24	 Two norm = 442.636	 Rel. residual = 1.18036
 ... Iteration #  25	 Two norm = 306.411	 Rel. residual = 0.817097
 ... Iteration #  26	 Two norm = 340.763	 Rel. residual = 0.908702
 ... Iteration #  27	 Two norm = 262.613	 Rel. residual = 0.700301
 ... Iteration #  28	 Two norm = 201.98	 Rel. residual = 0.538613
 ... Iteration #  29	 Two norm = 101.181	 Rel. residual = 0.269817
 ... Iteration #  30	 Two norm = 72.1465	 Rel. residual = 0.192391
 ... Iteration #  31	 Two norm = 25.5981	 Rel. residual = 0.0682615
 ... Iteration #  32	 Two norm = 16.073	 Rel. residual = 0.0428612
 ... Iteration #  33	 Two norm = 11.1123	 Rel. residual = 0.0296328
 ... Iteration #  34	 Two norm = 5.60266	 Rel. residual = 0.0149404
 ... Iteration #  35	 Two norm = 4.50497	 Rel. residual = 0.0120133
 ... Iteration #  36	 Two norm = 2.77816	 Rel. residual = 0.00740842
 ... Iteration #  37	 Two norm = 0.73918	 Rel. residual = 0.00197115
 ... Iteration #  38	 Two norm = 0.301946	 Rel. residual = 0.000805189
 ... Iteration #  39	 Two norm = 0.0914809	 Rel. residual = 0.000243949
 ... Iteration #  40	 Two norm = 0.0310929	 Rel. residual = 8.29145e-05
 ... Iteration #  41	 Two norm = 0.0123889	 Rel. residual = 3.3037e-05
 ... Iteration #  42	 Two norm = 0.00379055	 Rel. residual = 1.01081e-05
 ... Iteration #  43	 Two norm = 0.00152518	 Rel. residual = 4.06716e-06
 ... Iteration #  44	 Two norm = 0.00170432	 Rel. residual = 4.54484e-06
 ... Iteration #  45	 Two norm = 0.000375662	 Rel. residual = 1.00176e-06
 ... Iteration #  46	 Two norm = 0.000155689	 Rel. residual = 4.1517e-07
 ... Iteration #  47	 Two norm = 0.000165747	 Rel. residual = 4.41993e-07
 ... Iteration #  48	 Two norm = 3.87414e-05	 Rel. residual = 1.0331e-07
 ... Iteration #  49	 Two norm = 1.91296e-05	 Rel. residual = 5.10124e-08
 ... Iteration #  50	 Two norm = 6.90438e-06	 Rel. residual = 1.84117e-08
 ... Iteration #  51	 Two norm = 3.42183e-06	 Rel. residual = 9.12487e-09
 ... Total # Iterations =            51        0.00939 s
 ...     Final Two norm = 3.42183e-06
 ...     Final residual = 1.17089e-11
 ... Postprocessing                 ...
 --------------------------------------

 ---------- PROBLEM PARAMETERS --------
 ... # Nodes              =     189 ...
 ... # Elements           =      80 ...
 ... # Unconstrained dofs =     540 ...
 ... # Constrained dofs   =      27 ...
 ... Total # dofs         =     567 ...
 ... # Loaded dofs        =       9 ...
 ... # Output Files       =       1 ...
 --------------------------------------
 --------------------------------------
 ... Total Time           = 7.99e-02 s
 ... Total Memory Used    = 4.16e-01 Mb
 --------------------------------------
../../bin/aeros statics_bcg_strainxy.inp

 --------- R U N  PARAMETERS ----------
 ... Linear Static Analysis         ... 
 ... Dof Based Sparse Matrix        ...
 ... Bi-CG Solver is Selected       ...
Selected Solver does not implement factor() .
 ... Building the Force             ...
 ... Iteration #1	Two norm = 1.4062500e+05	Relative residual = 1.0000000e+00
 ... Iteration #2	Two norm = 1.5184521e+05	Relative residual = 1.0391286e+00
 ... Iteration #3	Two norm = 1.4349156e+05	Relative residual = 1.0101408e+00
 ... Iteration #4	Two norm = 1.6564488e+05	Relative residual = 1.0853198e+00
 ... Iteration #5	Two norm = 1.6799217e+05	Relative residual = 1.0929826e+00
 ... Iteration #6	Two norm = 1.3047086e+05	Relative residual = 9.6322000e-01
 ... Iteration #7	Two norm = 1.8921359e+05	Relative residual = 1.1599650e+00
 ... Iteration #8	Two norm = 1.3909768e+05	Relative residual = 9.9455470e-01
 ... Iteration #9	Two norm = 1.7445329e+05	Relative residual = 1.1138028e+00
 ... Iteration #10	Two norm = 1.3181645e+05	Relative residual = 9.6817428e-01
 ... Iteration #11	Two norm = 1.7094575e+05	Relative residual = 1.1025490e+00
 ... Iteration #12	Two norm = 1.4158882e+05	Relative residual = 1.0034211e+00
 ... Iteration #13	Two norm = 1.4356617e+05	Relative residual = 1.0104034e+00
 ... Iteration #14	Two norm = 2.0066592e+05	Relative residual = 1.1945533e+00
 ... Iteration #15	Two norm = 1.2739804e+05	Relative residual = 9.5180966e-01
 ... Iteration #16	Two norm = 1.7518374e+05	Relative residual = 1.1161322e+00
 ... Iteration #17	Two norm = 1.4285602e+05	Relative residual = 1.0079013e+00
 ... Iteration #18	Two norm = 1.7255672e+05	Relative residual = 1.1077319e+00
 ... Iteration #19	Two norm = 1.2001075e+05	Relative residual = 9.2380179e-01
 ... Iteration #20	Two norm = 1.6786821e+05	Relative residual = 1.0925793e+00
 ... Iteration #21	Two norm = 1.9685152e+05	Relative residual = 1.1831454e+00
 ... Iteration #22	Two norm = 1.2077674e+05	Relative residual = 9.2674528e-01
 ... Iteration #23	Two norm = 1.6196933e+05	Relative residual = 1.0732110e+00
 ... Iteration #24	Two norm = 1.4623499e+05	Relative residual = 1.0197516e+00
 ... Iteration #25	Two norm = 1.9592634e+05	Relative residual = 1.1803618e+00
 ... Iteration #26	Two norm = 9.3887987e+04	Relative residual = 8.1709724e-01
 ... Iteration #27	Two norm = 1.1611965e+05	Relative residual = 9.0870222e-01
 ... Iteration #28	Two norm = 6.8965445e+04	Relative residual = 7.0030061e-01
 ... Iteration #29	Two norm = 4.0795859e+04	Relative residual = 5.3861293e-01
 ... Iteration #30	Two norm = 1.0237636e+04	Relative residual = 2.6981655e-01
 ... Iteration #31	Two norm = 5.2051138e+03	Relative residual = 1.9239060e-01
 ... Iteration #32	Two norm = 6.5526048e+02	Relative residual = 6.8261483e-02
 ... Iteration #33	Two norm = 2.5834010e+02	Relative residual = 4.2861231e-02
 ... Iteration #34	Two norm = 1.2348287e+02	Relative residual = 2.9632759e-02
 ... Iteration #35	Two norm = 3.1389783e+01	Relative residual = 1.4940423e-02
 ... Iteration #36	Two norm = 2.0294783e+01	Relative residual = 1.2013262e-02
 ... Iteration #37	Two norm = 7.7181606e+00	Relative residual = 7.4084207e-03
 ... Iteration #38	Two norm = 5.4638751e-01	Relative residual = 1.9711475e-03
 ... Iteration #39	Two norm = 9.1171340e-02	Relative residual = 8.0518913e-04
 ... Iteration #40	Two norm = 8.3687603e-03	Relative residual = 2.4394914e-04
 ... Iteration #41	Two norm = 9.6677142e-04	Relative residual = 8.2914528e-05
 ... Iteration #42	Two norm = 1.5348396e-04	Relative residual = 3.3036972e-05
 ... Iteration #43	Two norm = 1.4368271e-05	Relative residual = 1.0108134e-05
 ... Iteration #44	Two norm = 2.3261882e-06	Relative residual = 4.0671590e-06
 ... Iteration #45	Two norm = 2.9046919e-06	Relative residual = 4.5448418e-06
 ... Iteration #46	Two norm = 1.4112166e-07	Relative residual = 1.0017643e-06
 ... Iteration #47	Two norm = 2.4238946e-08	Relative residual = 4.1516965e-07
 ... Iteration #48	Two norm = 2.7472204e-08	Relative residual = 4.4199310e-07
 ... Iteration #49	Two norm = 1.5008936e-09	Relative residual = 1.0331032e-07
 ... Iteration #50	Two norm = 3.6594327e-10	Relative residual = 5.1012383e-08
 ... Iteration #51	Two norm = 4.7670508e-11	Relative residual = 1.8411689e-08
 ... Postprocessing                 ...
 --------------------------------------

 ---------- PROBLEM PARAMETERS --------
 ... # Nodes              =     189 ...
 ... # Elements           =      80 ...
 ... # Unconstrained dofs =     540 ...
 ... # Constrained dofs   =      27 ...
 ... Total # dofs         =     567 ...
 ... # Loaded dofs        =       9 ...
 ... # Output Files       =       1 ...
 --------------------------------------
 --------------------------------------
 ... Total Time           = 8.04e-02 s
 ... Total Memory Used    = 4.23e-01 Mb
 --------------------------------------
../../bin/aeros statics_cr_strainxz.inp

 --------- R U N  PARAMETERS ----------
 ... Linear Static Analysis         ... 
 ... Dof Based Sparse Matrix        ...
 ... CR Solver is Selected          ...
Selected Solver does not implement factor() .
 ... Building the Force             ...
 ... Iteration #1	Two norm = 7.3009941e+04	  Rel. residual  7.2054272e-01 
 ... Iteration #2	Two norm = 4.8389089e+04	  Rel. residual  5.8660053e-01 
 ... Iteration #3	Two norm = 3.7449218e+04	  Rel. residual  5.1604801e-01 
 ... Iteration #4	Two norm = 3.0622726e+04	  Rel. residual  4.6664934e-01 
 ... Iteration #5	Two norm = 2.4801567e+04	  Rel. residual  4.1996036e-01 
 ... Iteration #6	Two norm = 2.1927389e+04	  Rel. residual  3.9487732e-01 
 ... Iteration #7	Two norm = 1.8941454e+04	  Rel. residual  3.6700788e-01 
 ... Iteration #8	Two norm = 1.7086292e+04	  Rel. residual  3.4857211e-01 
 ... Iteration #9	Two norm = 1.5125674e+04	  Rel. residual  3.2796394e-01 
 ... Iteration #10	Two norm = 1.3896114e+04	  Rel. residual  3.1435141e-01 
 ... Iteration #11	Two norm = 1.2654180e+04	  Rel. residual  2.9997547e-01 
 ... Iteration #12	Two norm = 1.1629165e+04	  Rel. residual  2.8756961e-01 
 ... Iteration #13	Two norm = 1.0992139e+04	  Rel. residual  2.7958240e-01 
 ... Iteration #14	Two norm = 1.0119048e+04	  Rel. residual  2.6824928e-01 
 ... Iteration #15	Two norm = 9.5664656e+03	  Rel. residual  2.6082216e-01 
 ... Iteration #16	Two norm = 8.9660472e+03	  Rel. residual  2.5250457e-01 
 ... Iteration #17	Two norm = 8.5231827e+03	  Rel. residual  2.4618956e-01 
 ... Iteration #18	Two norm = 7.9580039e+03	  Rel. residual  2.3788705e-01 
 ... Iteration #19	Two norm = 7.5978197e+03	  Rel. residual  2.3244126e-01 
 ... Iteration #20	Two norm = 7.3154668e+03	  Rel. residual  2.2808134e-01 
 ... Iteration #21	Two norm = 6.8976736e+03	  Rel. residual  2.2147262e-01 
 ... Iteration #22	Two norm = 6.6159258e+03	  Rel. residual  2.1690224e-01 
 ... Iteration #23	Two norm = 6.3295653e+03	  Rel. residual  2.1215617e-01 
 ... Iteration #24	Two norm = 6.1314826e+03	  Rel. residual  2.0881009e-01 
 ... Iteration #25	Two norm = 5.7556050e+03	  Rel. residual  2.0230854e-01 
 ... Iteration #26	Two norm = 5.4837943e+03	  Rel. residual  1.9747372e-01 
 ... Iteration #27	Two norm = 5.0798681e+03	  Rel. residual  1.9006185e-01 
 ... Iteration #28	Two norm = 4.5173689e+03	  Rel. residual  1.7923033e-01 
 ... Iteration #29	Two norm = 3.1343384e+03	  Rel. residual  1.4929377e-01 
 ... Iteration #30	Two norm = 1.9563141e+03	  Rel. residual  1.1794731e-01 
 ... Iteration #31	Two norm = 4.9085151e+02	  Rel. residual  5.9080450e-02 
 ... Iteration #32	Two norm = 1.6925794e+02	  Rel. residual  3.4693112e-02 
 ... Iteration #33	Two norm = 7.1395771e+01	  Rel. residual  2.2532272e-02 
 ... Iteration #34	Two norm = 2.1803626e+01	  Rel. residual  1.2451827e-02 
 ... Iteration #35	Two norm = 1.0511083e+01	  Rel. residual  8.6455467e-03 
 ... Iteration #36	Two norm = 4.4503342e+00	  Rel. residual  5.6255507e-03 
 ... Iteration #37	Two norm = 4.8664047e-01	  Rel. residual  1.8602566e-03 
 ... Iteration #38	Two norm = 7.6785665e-02	  Rel. residual  7.3893937e-04 
 ... Iteration #39	Two norm = 7.5462998e-03	  Rel. residual  2.3165184e-04 
 ... Iteration #40	Two norm = 8.5698168e-04	  Rel. residual  7.8064665e-05 
 ... Iteration #41	Two norm = 1.3016980e-04	  Rel. residual  3.0424528e-05 
 ... Iteration #42	Two norm = 1.2919658e-05	  Rel. residual  9.5850468e-06 
 ... Iteration #43	Two norm = 1.7395454e-06	  Rel. residual  3.5171154e-06 
 ... Iteration #44	Two norm = 1.0309404e-06	  Rel. residual  2.7076063e-06 
 ... Iteration #45	Two norm = 1.2551871e-07	  Rel. residual  9.4476321e-07 
 ... Iteration #46	Two norm = 2.3677055e-08	  Rel. residual  4.1032934e-07 
 ... Iteration #47	Two norm = 1.3010461e-08	  Rel. residual  3.0416909e-07 
 ... Iteration #48	Two norm = 1.3347599e-09	  Rel. residual  9.7424977e-08 
 ... Iteration #49	Two norm = 2.9976071e-10	  Rel. residual  4.6169597e-08 
 ... Iteration #50	Two norm = 4.1461517e-11	  Rel. residual  1.7170831e-08 
 ... Iteration #51	Two norm = 1.1247366e-11	  Rel. residual  8.9432250e-09 

 ... Total # Iterations = 51
 ...     Final Two norm = 1.1247366e-11
 ... Postprocessing                 ...
 --------------------------------------

 ---------- PROBLEM PARAMETERS --------
 ... # Nodes              =     189 ...
 ... # Elements           =      80 ...
 ... # Unconstrained dofs =     540 ...
 ... # Constrained dofs   =      27 ...
 ... Total # dofs         =     567 ...
 ... # Loaded dofs        =       9 ...
 ... # Output Files       =       1 ...
 --------------------------------------
 --------------------------------------
 ... Total Time           = 1.59e-01 s
 ... Total Memory Used    = 4.15e-01 Mb
 --------------------------------------
../../bin/aeros -n 2 --dec --nsub 4 statics_FETI_inxforce.inp

 --------- R U N  PARAMETERS ----------
 ... Linear Static Analysis         ... 
 ... Parallel processing: Forking 2 Threads ...
 ... FETI-DP Solver is Selected     ...
 ... Factor Subdomain Matrices      ... 
 ... Building the Force             ...
[su-ahpcrc:08963] *** Process received signal ***
./run.statics: line 20:  8963 Segmentation fault      ../../bin/aeros -n 2 --dec --nsub 4 statics_FETI_inxforce.inp
../../bin/aeros -n 2 --dec --nsub 4 statics_FETI_DP_inyforce.inp

 --------- R U N  PARAMETERS ----------
 ... Linear Static Analysis         ... 
 ... Parallel processing: Forking 2 Threads ...
 ... FETI-DP Solver is Selected     ...
 ... Building the Force             ...
 ... Postprocessing                 ...
 *** WARNING: Internal force not implemented for element type 17
 *** WARNING: Internal force not implemented for element type 17
 *** WARNING: Internal force not implemented for element type 17
 *** WARNING: Internal force not implemented for element type 17
 *** WARNING: Internal force not implemented for element type 17
 *** WARNING: Internal force not implemented for element type 17
 *** WARNING: Internal force not implemented for element type 17
 *** WARNING: Internal force not implemented for element type 17
 *** WARNING: Internal force not implemented for element type 17
 *** WARNING: Internal force not implemented for element type 17
 *** WARNING: Internal force not implemented for element type 17
 *** WARNING: Internal force not implemented for element type 17
 *** WARNING: Internal force not implemented for element type 17
 *** WARNING: Internal force not implemented for element type 17
 *** WARNING: Internal force not implemented for element type 17
 *** WARNING: Internal force not implemented for element type 17
 *** WARNING: Internal force not implemented for element type 17
 *** WARNING: Internal force not implemented for element type 17
 *** WARNING: Internal force not implemented for element type 17
 *** WARNING: Internal force not implemented for element type 17
 *** WARNING: text file output for element stresses in distributed mode is only correctly
 ***          implemented for models in which all elements have the same number of nodes 
 *** WARNING: Internal force not implemented for element type 17
 *** WARNING: Internal force not implemented for element type 17
 *** WARNING: Internal force not implemented for element type 17
 *** WARNING: Internal force not implemented for element type 17
 *** WARNING: Internal force not implemented for element type 17
 *** WARNING: Internal force not implemented for element type 17
 *** WARNING: Internal force not implemented for element type 17
 *** WARNING: Internal force not implemented for element type 17
 *** WARNING: Internal force not implemented for element type 17
 *** WARNING: Internal force not implemented for element type 17
 *** WARNING: Internal force not implemented for element type 17
 *** WARNING: Internal force not implemented for element type 17
 *** WARNING: Internal force not implemented for element type 17
 *** WARNING: Internal force not implemented for element type 17
 *** WARNING: Internal force not implemented for element type 17
 *** WARNING: Internal force not implemented for element type 17
 *** WARNING: Internal force not implemented for element type 17
 *** WARNING: Internal force not implemented for element type 17
 *** WARNING: Internal force not implemented for element type 17
 *** WARNING: Internal force not implemented for element type 17
 *** WARNING: Internal force not implemented for element type 17
 *** WARNING: Internal force not implemented for element type 17
 *** WARNING: Internal force not implemented for element type 17
 *** WARNING: Internal force not implemented for element type 17
 *** WARNING: Internal force not implemented for element type 17
 *** WARNING: Internal force not implemented for element type 17
 *** WARNING: Internal force not implemented for element type 17
 *** WARNING: Internal force not implemented for element type 17
 *** WARNING: Internal force not implemented for element type 17
 *** WARNING: Internal force not implemented for element type 17
 *** WARNING: Internal force not implemented for element type 17
 *** WARNING: Internal force not implemented for element type 17
 *** WARNING: Internal force not implemented for element type 17
 *** WARNING: Internal force not implemented for element type 17
 *** WARNING: Internal force not implemented for element type 17
 *** WARNING: Internal force not implemented for element type 17
 *** WARNING: Internal force not implemented for element type 17
 *** WARNING: Internal force not implemented for element type 17
 *** WARNING: Internal force not implemented for element type 17
 *** WARNING: Internal force not implemented for element type 17
 *** WARNING: Internal force not implemented for element type 17
 *** WARNING: Internal force not implemented for element type 17
 *** WARNING: Internal force not implemented for element type 17
 *** WARNING: Internal force not implemented for element type 17
 *** WARNING: Internal force not implemented for element type 17
 *** WARNING: Internal force not implemented for element type 17
 *** WARNING: Internal force not implemented for element type 17
 *** WARNING: Internal force not implemented for element type 17
 *** WARNING: Internal force not implemented for element type 17
 *** WARNING: Internal force not implemented for element type 17
 *** WARNING: Internal force not implemented for element type 17
 *** WARNING: Internal force not implemented for element type 17
 *** WARNING: Internal force not implemented for element type 17
 *** WARNING: Internal force not implemented for element type 17
 *** WARNING: Internal force not implemented for element type 17
 *** WARNING: Internal force not implemented for element type 17
 *** WARNING: Internal force not implemented for element type 17
 *** WARNING: Internal force not implemented for element type 17
 *** WARNING: Internal force not implemented for element type 17
 *** WARNING: Internal force not implemented for element type 17
 ... Print Timers                   ... 
 --------------------------------------

 ---------- PROBLEM PARAMETERS --------
 ... # Nodes              =     189 ...
 ... # Elements           =      80 ...
 ... # Unconstrained dofs =       0 ...
 ... # Constrained dofs   =      27 ...
 ... Total # dofs         =      -1 ...
 ... # Loaded dofs        =       9 ...
 ... # Output Files       =       1 ...
 --------------------------------------
 --------------------------------------
 ... Total Time           = 8.96e-02 s
 ... Total Memory Used    = 3.37e+00 Mb
 ... Total Krylov Iterations =    4 
 --------------------------------------
../../bin/aeros -n 2 --dec --nsub 4 statics_FETI_DPH_inzforce.inp

 --------- R U N  PARAMETERS ----------
 ... Linear Static Analysis         ... 
 ... Parallel processing: Forking 2 Threads ...
 ... FETI-DP Solver is Selected     ...
 ... Building the Force             ...
 ... Postprocessing                 ...
 *** WARNING: Internal force not implemented for element type 17
 *** WARNING: Internal force not implemented for element type 17
 *** WARNING: Internal force not implemented for element type 17
 *** WARNING: Internal force not implemented for element type 17
 *** WARNING: Internal force not implemented for element type 17
 *** WARNING: Internal force not implemented for element type 17
 *** WARNING: Internal force not implemented for element type 17
 *** WARNING: Internal force not implemented for element type 17
 *** WARNING: Internal force not implemented for element type 17
 *** WARNING: Internal force not implemented for element type 17
 *** WARNING: Internal force not implemented for element type 17
 *** WARNING: Internal force not implemented for element type 17
 *** WARNING: Internal force not implemented for element type 17
 *** WARNING: Internal force not implemented for element type 17
 *** WARNING: Internal force not implemented for element type 17
 *** WARNING: Internal force not implemented for element type 17
 *** WARNING: Internal force not implemented for element type 17
 *** WARNING: Internal force not implemented for element type 17
 *** WARNING: Internal force not implemented for element type 17
 *** WARNING: Internal force not implemented for element type 17
 *** WARNING: text file output for element stresses in distributed mode is only correctly
 ***          implemented for models in which all elements have the same number of nodes 
 *** WARNING: Internal force not implemented for element type 17
 *** WARNING: Internal force not implemented for element type 17
 *** WARNING: Internal force not implemented for element type 17
 *** WARNING: Internal force not implemented for element type 17
 *** WARNING: Internal force not implemented for element type 17
 *** WARNING: Internal force not implemented for element type 17
 *** WARNING: Internal force not implemented for element type 17
 *** WARNING: Internal force not implemented for element type 17
 *** WARNING: Internal force not implemented for element type 17
 *** WARNING: Internal force not implemented for element type 17
 *** WARNING: Internal force not implemented for element type 17
 *** WARNING: Internal force not implemented for element type 17
 *** WARNING: Internal force not implemented for element type 17
 *** WARNING: Internal force not implemented for element type 17
 *** WARNING: Internal force not implemented for element type 17
 *** WARNING: Internal force not implemented for element type 17
 *** WARNING: Internal force not implemented for element type 17
 *** WARNING: Internal force not implemented for element type 17
 *** WARNING: Internal force not implemented for element type 17
 *** WARNING: Internal force not implemented for element type 17
 *** WARNING: Internal force not implemented for element type 17
 *** WARNING: Internal force not implemented for element type 17
 *** WARNING: Internal force not implemented for element type 17
 *** WARNING: Internal force not implemented for element type 17
 *** WARNING: Internal force not implemented for element type 17
 *** WARNING: Internal force not implemented for element type 17
 *** WARNING: Internal force not implemented for element type 17
 *** WARNING: Internal force not implemented for element type 17
 *** WARNING: Internal force not implemented for element type 17
 *** WARNING: Internal force not implemented for element type 17
 *** WARNING: Internal force not implemented for element type 17
 *** WARNING: Internal force not implemented for element type 17
 *** WARNING: Internal force not implemented for element type 17
 *** WARNING: Internal force not implemented for element type 17
 *** WARNING: Internal force not implemented for element type 17
 *** WARNING: Internal force not implemented for element type 17
 *** WARNING: Internal force not implemented for element type 17
 *** WARNING: Internal force not implemented for element type 17
 *** WARNING: Internal force not implemented for element type 17
 *** WARNING: Internal force not implemented for element type 17
 *** WARNING: Internal force not implemented for element type 17
 *** WARNING: Internal force not implemented for element type 17
 *** WARNING: Internal force not implemented for element type 17
 *** WARNING: Internal force not implemented for element type 17
 *** WARNING: Internal force not implemented for element type 17
 *** WARNING: Internal force not implemented for element type 17
 *** WARNING: Internal force not implemented for element type 17
 *** WARNING: Internal force not implemented for element type 17
 *** WARNING: Internal force not implemented for element type 17
 *** WARNING: Internal force not implemented for element type 17
 *** WARNING: Internal force not implemented for element type 17
 *** WARNING: Internal force not implemented for element type 17
 *** WARNING: Internal force not implemented for element type 17
 *** WARNING: Internal force not implemented for element type 17
 *** WARNING: Internal force not implemented for element type 17
 *** WARNING: Internal force not implemented for element type 17
 *** WARNING: Internal force not implemented for element type 17
 *** WARNING: Internal force not implemented for element type 17
 *** WARNING: Internal force not implemented for element type 17
 *** WARNING: Internal force not implemented for element type 17
 ... Print Timers                   ... 
 --------------------------------------

 ---------- PROBLEM PARAMETERS --------
 ... # Nodes              =     189 ...
 ... # Elements           =      80 ...
 ... # Unconstrained dofs =       0 ...
 ... # Constrained dofs   =      27 ...
 ... Total # dofs         =      -1 ...
 ... # Loaded dofs        =       9 ...
 ... # Output Files       =       1 ...
 --------------------------------------
 --------------------------------------
 ... Total Time           = 9.24e-02 s
 ... Total Memory Used    = 3.37e+00 Mb
 ... Total Krylov Iterations =    4 
 --------------------------------------
../../bin/aeros statics_sparse_axmoment.inp

 --------- R U N  PARAMETERS ----------
 ... Linear Static Analysis         ... 
 ... Sparse Solver is Selected      ... 
 ... Building the Force             ...
 ... Postprocessing                 ...
 *** WARNING: Internal force not implemented for element type 17
 *** WARNING: Internal force not implemented for element type 17
 *** WARNING: Internal force not implemented for element type 17
 *** WARNING: Internal force not implemented for element type 17
 *** WARNING: Internal force not implemented for element type 17
 *** WARNING: Internal force not implemented for element type 17
 *** WARNING: Internal force not implemented for element type 17
 *** WARNING: Internal force not implemented for element type 17
 *** WARNING: Internal force not implemented for element type 17
 *** WARNING: Internal force not implemented for element type 17
 *** WARNING: Internal force not implemented for element type 17
 *** WARNING: Internal force not implemented for element type 17
 *** WARNING: Internal force not implemented for element type 17
 *** WARNING: Internal force not implemented for element type 17
 *** WARNING: Internal force not implemented for element type 17
 *** WARNING: Internal force not implemented for element type 17
 *** WARNING: Internal force not implemented for element type 17
 *** WARNING: Internal force not implemented for element type 17
 *** WARNING: Internal force not implemented for element type 17
 *** WARNING: Internal force not implemented for element type 17
 *** WARNING: Internal force not implemented for element type 17
 *** WARNING: Internal force not implemented for element type 17
 *** WARNING: Internal force not implemented for element type 17
 *** WARNING: Internal force not implemented for element type 17
 *** WARNING: Internal force not implemented for element type 17
 *** WARNING: Internal force not implemented for element type 17
 *** WARNING: Internal force not implemented for element type 17
 *** WARNING: Internal force not implemented for element type 17
 *** WARNING: Internal force not implemented for element type 17
 *** WARNING: Internal force not implemented for element type 17
 *** WARNING: Internal force not implemented for element type 17
 *** WARNING: Internal force not implemented for element type 17
 *** WARNING: Internal force not implemented for element type 17
 *** WARNING: Internal force not implemented for element type 17
 *** WARNING: Internal force not implemented for element type 17
 *** WARNING: Internal force not implemented for element type 17
 *** WARNING: Internal force not implemented for element type 17
 *** WARNING: Internal force not implemented for element type 17
 *** WARNING: Internal force not implemented for element type 17
 *** WARNING: Internal force not implemented for element type 17
 *** WARNING: Internal force not implemented for element type 17
 *** WARNING: Internal force not implemented for element type 17
 *** WARNING: Internal force not implemented for element type 17
 *** WARNING: Internal force not implemented for element type 17
 *** WARNING: Internal force not implemented for element type 17
 *** WARNING: Internal force not implemented for element type 17
 *** WARNING: Internal force not implemented for element type 17
 *** WARNING: Internal force not implemented for element type 17
 *** WARNING: Internal force not implemented for element type 17
 *** WARNING: Internal force not implemented for element type 17
 *** WARNING: Internal force not implemented for element type 17
 *** WARNING: Internal force not implemented for element type 17
 *** WARNING: Internal force not implemented for element type 17
 *** WARNING: Internal force not implemented for element type 17
 *** WARNING: Internal force not implemented for element type 17
 *** WARNING: Internal force not implemented for element type 17
 *** WARNING: Internal force not implemented for element type 17
 *** WARNING: Internal force not implemented for element type 17
 *** WARNING: Internal force not implemented for element type 17
 *** WARNING: Internal force not implemented for element type 17
 *** WARNING: Internal force not implemented for element type 17
 *** WARNING: Internal force not implemented for element type 17
 *** WARNING: Internal force not implemented for element type 17
 *** WARNING: Internal force not implemented for element type 17
 *** WARNING: Internal force not implemented for element type 17
 *** WARNING: Internal force not implemented for element type 17
 *** WARNING: Internal force not implemented for element type 17
 *** WARNING: Internal force not implemented for element type 17
 *** WARNING: Internal force not implemented for element type 17
 *** WARNING: Internal force not implemented for element type 17
 *** WARNING: Internal force not implemented for element type 17
 *** WARNING: Internal force not implemented for element type 17
 *** WARNING: Internal force not implemented for element type 17
 *** WARNING: Internal force not implemented for element type 17
 *** WARNING: Internal force not implemented for element type 17
 *** WARNING: Internal force not implemented for element type 17
 *** WARNING: Internal force not implemented for element type 17
 *** WARNING: Internal force not implemented for element type 17
 *** WARNING: Internal force not implemented for element type 17
 *** WARNING: Internal force not implemented for element type 17
 --------------------------------------

 ---------- PROBLEM PARAMETERS --------
 ... # Nodes              =     189 ...
 ... # Elements           =      80 ...
 ... # Unconstrained dofs =     540 ...
 ... # Constrained dofs   =      27 ...
 ... Total # dofs         =     567 ...
 ... # Loaded dofs        =       9 ...
 ... # Output Files       =       1 ...
 --------------------------------------
 --------------------------------------
 ... Total Time           = 9.14e-02 s
 ... Total Memory Used    = 8.66e-01 Mb
 --------------------------------------
../../bin/aeros statics_skyline_aymoment.inp

 --------- R U N  PARAMETERS ----------
 ... Linear Static Analysis         ... 
 ... Skyline Solver is Selected     ... 
 ... Building the Force             ...
 ... Postprocessing                 ...
 *** WARNING: Internal force not implemented for element type 17
 *** WARNING: Internal force not implemented for element type 17
 *** WARNING: Internal force not implemented for element type 17
 *** WARNING: Internal force not implemented for element type 17
 *** WARNING: Internal force not implemented for element type 17
 *** WARNING: Internal force not implemented for element type 17
 *** WARNING: Internal force not implemented for element type 17
 *** WARNING: Internal force not implemented for element type 17
 *** WARNING: Internal force not implemented for element type 17
 *** WARNING: Internal force not implemented for element type 17
 *** WARNING: Internal force not implemented for element type 17
 *** WARNING: Internal force not implemented for element type 17
 *** WARNING: Internal force not implemented for element type 17
 *** WARNING: Internal force not implemented for element type 17
 *** WARNING: Internal force not implemented for element type 17
 *** WARNING: Internal force not implemented for element type 17
 *** WARNING: Internal force not implemented for element type 17
 *** WARNING: Internal force not implemented for element type 17
 *** WARNING: Internal force not implemented for element type 17
 *** WARNING: Internal force not implemented for element type 17
 *** WARNING: Internal force not implemented for element type 17
 *** WARNING: Internal force not implemented for element type 17
 *** WARNING: Internal force not implemented for element type 17
 *** WARNING: Internal force not implemented for element type 17
 *** WARNING: Internal force not implemented for element type 17
 *** WARNING: Internal force not implemented for element type 17
 *** WARNING: Internal force not implemented for element type 17
 *** WARNING: Internal force not implemented for element type 17
 *** WARNING: Internal force not implemented for element type 17
 *** WARNING: Internal force not implemented for element type 17
 *** WARNING: Internal force not implemented for element type 17
 *** WARNING: Internal force not implemented for element type 17
 *** WARNING: Internal force not implemented for element type 17
 *** WARNING: Internal force not implemented for element type 17
 *** WARNING: Internal force not implemented for element type 17
 *** WARNING: Internal force not implemented for element type 17
 *** WARNING: Internal force not implemented for element type 17
 *** WARNING: Internal force not implemented for element type 17
 *** WARNING: Internal force not implemented for element type 17
 *** WARNING: Internal force not implemented for element type 17
 *** WARNING: Internal force not implemented for element type 17
 *** WARNING: Internal force not implemented for element type 17
 *** WARNING: Internal force not implemented for element type 17
 *** WARNING: Internal force not implemented for element type 17
 *** WARNING: Internal force not implemented for element type 17
 *** WARNING: Internal force not implemented for element type 17
 *** WARNING: Internal force not implemented for element type 17
 *** WARNING: Internal force not implemented for element type 17
 *** WARNING: Internal force not implemented for element type 17
 *** WARNING: Internal force not implemented for element type 17
 *** WARNING: Internal force not implemented for element type 17
 *** WARNING: Internal force not implemented for element type 17
 *** WARNING: Internal force not implemented for element type 17
 *** WARNING: Internal force not implemented for element type 17
 *** WARNING: Internal force not implemented for element type 17
 *** WARNING: Internal force not implemented for element type 17
 *** WARNING: Internal force not implemented for element type 17
 *** WARNING: Internal force not implemented for element type 17
 *** WARNING: Internal force not implemented for element type 17
 *** WARNING: Internal force not implemented for element type 17
 *** WARNING: Internal force not implemented for element type 17
 *** WARNING: Internal force not implemented for element type 17
 *** WARNING: Internal force not implemented for element type 17
 *** WARNING: Internal force not implemented for element type 17
 *** WARNING: Internal force not implemented for element type 17
 *** WARNING: Internal force not implemented for element type 17
 *** WARNING: Internal force not implemented for element type 17
 *** WARNING: Internal force not implemented for element type 17
 *** WARNING: Internal force not implemented for element type 17
 *** WARNING: Internal force not implemented for element type 17
 *** WARNING: Internal force not implemented for element type 17
 *** WARNING: Internal force not implemented for element type 17
 *** WARNING: Internal force not implemented for element type 17
 *** WARNING: Internal force not implemented for element type 17
 *** WARNING: Internal force not implemented for element type 17
 *** WARNING: Internal force not implemented for element type 17
 *** WARNING: Internal force not implemented for element type 17
 *** WARNING: Internal force not implemented for element type 17
 *** WARNING: Internal force not implemented for element type 17
 *** WARNING: Internal force not implemented for element type 17
 --------------------------------------

 ---------- PROBLEM PARAMETERS --------
 ... # Nodes              =     189 ...
 ... # Elements           =      80 ...
 ... # Unconstrained dofs =     540 ...
 ... # Constrained dofs   =      27 ...
 ... Total # dofs         =     567 ...
 ... # Loaded dofs        =       9 ...
 ... # Output Files       =       1 ...
 --------------------------------------
 --------------------------------------
 ... Total Time           = 8.63e-02 s
 ... Total Memory Used    = 4.17e-01 Mb
 --------------------------------------
../../bin/aeros statics_spooles_energies.inp

 --------- R U N  PARAMETERS ----------
 ... Linear Static Analysis         ... 
 ... Spooles Solver is Selected     ... 
 ... Building the Force             ...
 ... Postprocessing                 ...
 --------------------------------------

 ---------- PROBLEM PARAMETERS --------
 ... # Nodes              =     189 ...
 ... # Elements           =      80 ...
 ... # Unconstrained dofs =     540 ...
 ... # Constrained dofs   =      27 ...
 ... Total # dofs         =     567 ...
 ... # Loaded dofs        =       9 ...
 ... # Output Files       =       1 ...
 --------------------------------------
 --------------------------------------
 ... Total Time           = 9.64e-02 s
 ... Total Memory Used    = 5.76e-01 Mb
 --------------------------------------
../../bin/aeros statics_gmres_gvelocit.inp

 --------- R U N  PARAMETERS ----------
 ... Linear Static Analysis         ... 
 ... Dof Based Sparse Matrix        ...
 ... GMRES Solver is Selected       ...
 ... Building the Force             ...
 ... Postprocessing                 ...
 *** AS.WRN: output 0 is not supported 
 --------------------------------------

 ---------- PROBLEM PARAMETERS --------
 ... # Nodes              =     189 ...
 ... # Elements           =      80 ...
 ... # Unconstrained dofs =     540 ...
 ... # Constrained dofs   =      27 ...
 ... Total # dofs         =     567 ...
 ... # Loaded dofs        =       9 ...
 ... # Output Files       =       1 ...
 --------------------------------------
 --------------------------------------
 ... Total Time           = 1.15e-01 s
 ... Total Memory Used    = 1.26e+01 Mb
 --------------------------------------
../../bin/aeros statics_direct_gacceler.inp

 --------- R U N  PARAMETERS ----------
 ... Linear Static Analysis         ... 
 ... Skyline Solver is Selected     ... 
 ... Building the Force             ...
 ... Postprocessing                 ...
 *** AS.WRN: output 0 is not supported 
 --------------------------------------

 ---------- PROBLEM PARAMETERS --------
 ... # Nodes              =     189 ...
 ... # Elements           =      80 ...
 ... # Unconstrained dofs =     540 ...
 ... # Constrained dofs   =      27 ...
 ... Total # dofs         =     567 ...
 ... # Loaded dofs        =       9 ...
 ... # Output Files       =       1 ...
 --------------------------------------
 --------------------------------------
 ... Total Time           = 8.24e-02 s
 ... Total Memory Used    = 4.16e-01 Mb
 --------------------------------------
../../bin/aeros statics_spooles_pivot_displmod.inp

 --------- R U N  PARAMETERS ----------
 ... Linear Static Analysis         ... 
 ... Spooles Solver is Selected     ... 
 ... Building the Force             ...
 ... Postprocessing                 ...
 --------------------------------------

 ---------- PROBLEM PARAMETERS --------
 ... # Nodes              =     189 ...
 ... # Elements           =      80 ...
 ... # Unconstrained dofs =     540 ...
 ... # Constrained dofs   =      27 ...
 ... Total # dofs         =     567 ...
 ... # Loaded dofs        =       9 ...
 ... # Output Files       =       1 ...
 --------------------------------------
 --------------------------------------
 ... Total Time           = 1.05e-01 s
 ... Total Memory Used    = 5.72e-01 Mb
 --------------------------------------
../../bin/aeros statics_pcg_gdispmod.inp

 --------- R U N  PARAMETERS ----------
 ... Linear Static Analysis         ... 
 ... Dof Based Sparse Matrix        ...
 ... CG Solver is Selected          ...
 ... Building the Force             ...
in BasePCG::doSolve, maxitr = 1000, tolpcg = 1e-08, proj = 0
 ... Iteration #  1	 Two norm = 389.673	 Rel. residual = 1.03913
 ... Iteration #  2	 Two norm = 378.803	 Rel. residual = 1.01014
 ... Iteration #  3	 Two norm = 406.995	 Rel. residual = 1.08532
 ... Iteration #  4	 Two norm = 409.868	 Rel. residual = 1.09298
 ... Iteration #  5	 Two norm = 361.207	 Rel. residual = 0.96322
 ... Iteration #  6	 Two norm = 434.987	 Rel. residual = 1.15997
 ... Iteration #  7	 Two norm = 372.958	 Rel. residual = 0.994555
 ... Iteration #  8	 Two norm = 417.676	 Rel. residual = 1.1138
 ... Iteration #  9	 Two norm = 363.065	 Rel. residual = 0.968174
 ... Iteration #  10	 Two norm = 413.456	 Rel. residual = 1.10255
 ... Iteration #  11	 Two norm = 376.283	 Rel. residual = 1.00342
 ... Iteration #  12	 Two norm = 378.901	 Rel. residual = 1.0104
 ... Iteration #  13	 Two norm = 447.957	 Rel. residual = 1.19455
 ... Iteration #  14	 Two norm = 356.929	 Rel. residual = 0.95181
 ... Iteration #  15	 Two norm = 418.55	 Rel. residual = 1.11613
 ... Iteration #  16	 Two norm = 377.963	 Rel. residual = 1.0079
 ... Iteration #  17	 Two norm = 415.399	 Rel. residual = 1.10773
 ... Iteration #  18	 Two norm = 346.426	 Rel. residual = 0.923802
 ... Iteration #  19	 Two norm = 409.717	 Rel. residual = 1.09258
 ... Iteration #  20	 Two norm = 443.68	 Rel. residual = 1.18315
 ... Iteration #  21	 Two norm = 347.529	 Rel. residual = 0.926745
 ... Iteration #  22	 Two norm = 402.454	 Rel. residual = 1.07321
 ... Iteration #  23	 Two norm = 382.407	 Rel. residual = 1.01975
 ... Iteration #  24	 Two norm = 442.636	 Rel. residual = 1.18036
 ... Iteration #  25	 Two norm = 306.411	 Rel. residual = 0.817097
 ... Iteration #  26	 Two norm = 340.763	 Rel. residual = 0.908702
 ... Iteration #  27	 Two norm = 262.613	 Rel. residual = 0.700301
 ... Iteration #  28	 Two norm = 201.98	 Rel. residual = 0.538613
 ... Iteration #  29	 Two norm = 101.181	 Rel. residual = 0.269817
 ... Iteration #  30	 Two norm = 72.1465	 Rel. residual = 0.192391
 ... Iteration #  31	 Two norm = 25.5981	 Rel. residual = 0.0682615
 ... Iteration #  32	 Two norm = 16.073	 Rel. residual = 0.0428612
 ... Iteration #  33	 Two norm = 11.1123	 Rel. residual = 0.0296328
 ... Iteration #  34	 Two norm = 5.60266	 Rel. residual = 0.0149404
 ... Iteration #  35	 Two norm = 4.50497	 Rel. residual = 0.0120133
 ... Iteration #  36	 Two norm = 2.77816	 Rel. residual = 0.00740842
 ... Iteration #  37	 Two norm = 0.73918	 Rel. residual = 0.00197115
 ... Iteration #  38	 Two norm = 0.301946	 Rel. residual = 0.000805189
 ... Iteration #  39	 Two norm = 0.0914809	 Rel. residual = 0.000243949
 ... Iteration #  40	 Two norm = 0.0310929	 Rel. residual = 8.29145e-05
 ... Iteration #  41	 Two norm = 0.0123889	 Rel. residual = 3.3037e-05
 ... Iteration #  42	 Two norm = 0.00379055	 Rel. residual = 1.01081e-05
 ... Iteration #  43	 Two norm = 0.00152518	 Rel. residual = 4.06716e-06
 ... Iteration #  44	 Two norm = 0.00170432	 Rel. residual = 4.54484e-06
 ... Iteration #  45	 Two norm = 0.000375662	 Rel. residual = 1.00176e-06
 ... Iteration #  46	 Two norm = 0.000155689	 Rel. residual = 4.1517e-07
 ... Iteration #  47	 Two norm = 0.000165747	 Rel. residual = 4.41993e-07
 ... Iteration #  48	 Two norm = 3.87414e-05	 Rel. residual = 1.0331e-07
 ... Iteration #  49	 Two norm = 1.91296e-05	 Rel. residual = 5.10124e-08
 ... Iteration #  50	 Two norm = 6.90438e-06	 Rel. residual = 1.84117e-08
 ... Iteration #  51	 Two norm = 3.42183e-06	 Rel. residual = 9.12487e-09
 ... Total # Iterations =            51        0.00920 s
 ...     Final Two norm = 3.42183e-06
 ...     Final residual = 1.17089e-11
 ... Postprocessing                 ...
 --------------------------------------

 ---------- PROBLEM PARAMETERS --------
 ... # Nodes              =     189 ...
 ... # Elements           =      80 ...
 ... # Unconstrained dofs =     540 ...
 ... # Constrained dofs   =      27 ...
 ... Total # dofs         =     567 ...
 ... # Loaded dofs        =       9 ...
 ... # Output Files       =       1 ...
 --------------------------------------
 --------------------------------------
 ... Total Time           = 8.07e-02 s
 ... Total Memory Used    = 4.14e-01 Mb
 --------------------------------------
