../../bin/aeros dsvm24_freq_500.0_spooles_pivot_displacz.inp

 --------- R U N  PARAMETERS ----------
 ... Linear Static Analysis         ... 
 ... Spooles Solver is Selected     ... 
 ... Frequency Response Helmholtz Analysis in Real Domain ...
 ... Building the Force             ...
 ... Postprocessing                 ...
 --------------------------------------

 ---------- PROBLEM PARAMETERS --------
 ... # Nodes              =   28168 ...
 ... # Elements           =   21000 ...
 ... # Unconstrained dofs =   75600 ...
 ... # Constrained dofs   =     720 ...
 ... Total # dofs         =   76320 ...
 ... # Loaded dofs        =     240 ...
 ... # Output Files       =       1 ...
 --------------------------------------
 --------------------------------------
 ... Total Time           = 1.59e+01 s
 ... Total Memory Used    = 3.81e+02 Mb
 --------------------------------------
../../bin/aeros dsvm24_mumps_pivot_displacz.inp

 --------- R U N  PARAMETERS ----------
 ... Linear Static Analysis         ... 
 ... Mumps Solver is Selected       ... 
 ... Frequency Response Helmholtz Analysis in Complex Domain ...
 ... Building the Force             ...
 ... Postprocessing                 ...
 --------------------------------------

 ---------- PROBLEM PARAMETERS --------
 ... # Nodes              =   28168 ...
 ... # Elements           =   21000 ...
 ... # Unconstrained dofs =   75600 ...
 ... # Constrained dofs   =     720 ...
 ... Total # dofs         =   76320 ...
 ... # Loaded dofs        =     240 ...
 ... # Output Files       =       1 ...
 --------------------------------------
 --------------------------------------
 ... Total Time           = 2.77e+01 s
 ... Total Memory Used    = 9.63e+02 Mb
 --------------------------------------
../../bin/aeros -n 2 --dec --nsub 4 dsvm24_freq_500.0_FETI_DPH_displacz.inp

 --------- R U N  PARAMETERS ----------
 ... Linear Static Analysis         ... 
 ... Parallel processing: Forking 2 Threads ...
 ... Frequency Response Analysis in Real Domain ...
 ... FETI-DP Solver is Selected     ...
 ... Building the Force             ...
 ... Postprocessing                 ...
 ... Print Timers                   ... 
 --------------------------------------

 ---------- PROBLEM PARAMETERS --------
 ... # Nodes              =   28168 ...
 ... # Elements           =   21000 ...
 ... # Unconstrained dofs =       0 ...
 ... # Constrained dofs   =     720 ...
 ... Total # dofs         =      -1 ...
 ... # Loaded dofs        =     240 ...
 ... # Output Files       =       1 ...
 --------------------------------------
 --------------------------------------
 ... Total Time           = 1.63e+01 s
 ... Total Memory Used    = 9.54e+02 Mb
 ... Total Krylov Iterations =   10 
 --------------------------------------
